/sciclone/pscr/yacahuanamedra/GP.py:530: UserWarning: To copy construct from a tensor, it is recommended to use sourceTensor.clone().detach() or sourceTensor.clone().detach().requires_grad_(True), rather than torch.tensor(sourceTensor).
  self.shift=tr.tensor(shift).to(device)
/sciclone/pscr/yacahuanamedra/GP.py:531: UserWarning: To copy construct from a tensor, it is recommended to use sourceTensor.clone().detach() or sourceTensor.clone().detach().requires_grad_(True), rather than torch.tensor(sourceTensor).
  self.scale=tr.tensor(scale).to(device)
Namespace(i=1, Nsamples=200, burn=0, L=100, eps=0.001)
0=gaussian, 1=lognormal, 2=expbeta
z=1a done
z=2a done
z=3a done
z=4a done
z=5a done
z=6a done
z=7a done
z=8a done
z=9a done
z=10a done
z=11a done
z=12a done
mock-data done
Training everything z=2a
NaN detected
tensor([nan, nan, nan, nan, nan, nan])
  0%|          | 0/199 [00:00<?, ?it/s]  7%|▋         | 14/199 [00:00<00:01, 132.47it/s] 14%|█▍        | 28/199 [00:00<00:01, 133.56it/s] 21%|██        | 42/199 [00:00<00:01, 134.17it/s] 28%|██▊       | 56/199 [00:00<00:01, 134.48it/s] 35%|███▌      | 70/199 [00:00<00:00, 134.53it/s] 42%|████▏     | 84/199 [00:00<00:00, 134.75it/s] 49%|████▉     | 98/199 [00:00<00:00, 135.12it/s] 56%|█████▋    | 112/199 [00:00<00:00, 135.08it/s] 63%|██████▎   | 126/199 [00:00<00:00, 135.32it/s] 70%|███████   | 140/199 [00:01<00:00, 135.38it/s] 77%|███████▋  | 154/199 [00:01<00:00, 135.25it/s] 84%|████████▍ | 168/199 [00:01<00:00, 135.26it/s] 91%|█████████▏| 182/199 [00:01<00:00, 135.28it/s] 98%|█████████▊| 196/199 [00:01<00:00, 135.42it/s]100%|██████████| 199/199 [00:01<00:00, 134.97it/s]
tensor([nan, nan, nan, nan, nan, nan]) 0.001 100 tensor([1., 1., 1., 1., 1., 1.])
